<?xml version="1.0" encoding="UTF-8"?>
<testsuite xmlns:xsi="http://www.w3.org/2001/XMLSchema-instance" xsi:noNamespaceSchemaLocation="https://maven.apache.org/surefire/maven-surefire-plugin/xsd/surefire-test-report.xsd" version="3.0.2" name="com.glicoguard.site.AuthServiceSecurityTest" time="5.277" tests="10" errors="0" skipped="0" failures="0">
  <properties>
[...]
</properties>
  <testcase name="shouldAllowLinkedCaregiverToRegisterMedicationForPatient" classname="com.glicoguard.site.AuthServiceSecurityTest" time="1.368"/>
  <testcase name="shouldDeleteUserDataUponOwnerRequest" classname="com.glicoguard.site.AuthServiceSecurityTest" time="0.301"/>
  <testcase name="shouldLinkCaregiverToPatientUsingInviteToken" classname="com.glicoguard.site.AuthServiceSecurityTest" time="0.409"/>
  <testcase name="shouldLockAccountAfterRepeatedFailedAttempts" classname="com.glicoguard.site.AuthServiceSecurityTest" time="0.822"/>
  <testcase name="shouldAllowPatientToRegisterOwnMedication" classname="com.glicoguard.site.AuthServiceSecurityTest" time="0.262"/>
  <testcase name="shouldInvalidateRecoveryTokenAfterSuccessfulUse" classname="com.glicoguard.site.AuthServiceSecurityTest" time="0.523"/>
  <testcase name="shouldRejectReusedCaregiverInviteToken" classname="com.glicoguard.site.AuthServiceSecurityTest" time="0.408"/>
  <testcase name="shouldRequireTwoFactorAfterPrimaryAuthentication" classname="com.glicoguard.site.AuthServiceSecurityTest" time="0.4"/>
  <testcase name="shouldRejectMedicationRegistrationForUnauthorizedUser" classname="com.glicoguard.site.AuthServiceSecurityTest" time="0.248"/>
  <testcase name="shouldGenerateDifferentSaltAndHashForDistinctUsers" classname="com.glicoguard.site.AuthServiceSecurityTest" time="0.49"/>
</testsuite>